[15 Abr 2020 18:05:05] Building database metadata model
[15 Abr 2020 18:05:05] Properties: {partialRefresh=false, processColumnsUsingSelect=, includePrimaryKeys=true, eventSocketClient=com.webratio.commons.net.EventSocketClient@5ca0bae1, includeTables=true, username=root, outputLogPath=C:\Users\PC\Documents\UMinho\EW\projeto\spws\.Temp~\DB.xml.log, readIndexes=null, driverClass=com.mysql.jdbc.Driver, includeSynonyms=true, metaDataProviderClass=com.webratio.commons.db.metadata.MySQLMetaDataProvider, outputPath=C:\Users\PC\Documents\UMinho\EW\projeto\spws\.Temp~\DB.xml, schemaRegex=null, readProcedures=null, includeViews=true, derby.system.home=C:\WebRatio\WebRatio Platform 7.2.18.x64bit\workspace\.metadata\.plugins\com.webratio.commons.db\derby, url=jdbc:mysql://localhost:3306/spws, tableRegex=null, readSQLDefinitions=true, includeForeignKeys=false, retrieveAllNames=false, tablesToRefresh=, eventSocketPort=60442}
[15 Abr 2020 18:05:05] URL: jdbc:mysql://localhost:3306/spws
[15 Abr 2020 18:05:05] Product name: MySQL
[15 Abr 2020 18:05:05] Product version: 8.0.17
[15 Abr 2020 18:05:05] Driver name: MySQL Connector Java
[15 Abr 2020 18:05:05] Driver version: mysql-connector-java-5.1.48 ( Revision: 29734982609c32d3ab7e5cac2e6acee69ff6b4aa )
[15 Abr 2020 18:05:05] Driver major version: 5
[15 Abr 2020 18:05:05] Driver minor version: 1
[15 Abr 2020 18:05:05] Identifier quote string: 1
[15 Abr 2020 18:05:05] Retrieving schemas
[15 Abr 2020 18:05:05] Retrieving [TABLE, VIEW, SYNONYM] for schema ''
[15 Abr 2020 18:05:05]   Found 'coordinate' [type = TABLE]
[15 Abr 2020 18:05:05]   Found 'crosswalk' [type = TABLE]
[15 Abr 2020 18:05:05]   Found 'distancepedestrian' [type = TABLE]
[15 Abr 2020 18:05:05]   Found 'distancevehicle' [type = TABLE]
[15 Abr 2020 18:05:05]   Found 'group' [type = TABLE]
[15 Abr 2020 18:05:05]   Found 'group_module' [type = TABLE]
[15 Abr 2020 18:05:05]   Found 'module' [type = TABLE]
[15 Abr 2020 18:05:05]   Found 'pedestrian' [type = TABLE]
[15 Abr 2020 18:05:05]   Found 'user' [type = TABLE]
[15 Abr 2020 18:05:05]   Found 'user_group' [type = TABLE]
[15 Abr 2020 18:05:05]   Found 'vehicle' [type = TABLE]
[15 Abr 2020 18:05:05] Retrieving columns for 'coordinate' [type = TABLE]
[15 Abr 2020 18:05:05]   Found column: oid [type = INT][SQL/XOPEN type = 4][size = 10][dec. digits = 0]
[15 Abr 2020 18:05:05]   Found column: latitude [type = NUMERIC][SQL/XOPEN type = 2][size = 19][dec. digits = 6]
[15 Abr 2020 18:05:05]   Found column: longitude [type = NUMERIC][SQL/XOPEN type = 2][size = 19][dec. digits = 6]
[15 Abr 2020 18:05:05] Retrieving primary keys for 'coordinate' [type = TABLE]
[15 Abr 2020 18:05:05]   Found primary key column: oid
[15 Abr 2020 18:05:05] Retrieving columns for 'crosswalk' [type = TABLE]
[15 Abr 2020 18:05:05]   Found column: oid [type = INT][SQL/XOPEN type = 4][size = 10][dec. digits = 0]
[15 Abr 2020 18:05:05]   Found column: address [type = VARCHAR][SQL/XOPEN type = 12][size = 255][dec. digits = 0]
[15 Abr 2020 18:05:05]   Found column: state [type = VARCHAR][SQL/XOPEN type = 12][size = 255][dec. digits = 0]
[15 Abr 2020 18:05:05]   Found column: total_pedestrians [type = INT][SQL/XOPEN type = 4][size = 10][dec. digits = 0]
[15 Abr 2020 18:05:05]   Found column: total_vehicles [type = INT][SQL/XOPEN type = 4][size = 10][dec. digits = 0]
[15 Abr 2020 18:05:05]   Found column: coordinate_oid [type = INT][SQL/XOPEN type = 4][size = 10][dec. digits = 0]
[15 Abr 2020 18:05:05] Retrieving primary keys for 'crosswalk' [type = TABLE]
[15 Abr 2020 18:05:06]   Found primary key column: oid
[15 Abr 2020 18:05:06] Retrieving columns for 'distancepedestrian' [type = TABLE]
[15 Abr 2020 18:05:06]   Found column: oid [type = INT][SQL/XOPEN type = 4][size = 10][dec. digits = 0]
[15 Abr 2020 18:05:06]   Found column: distance [type = NUMERIC][SQL/XOPEN type = 2][size = 19][dec. digits = 4]
[15 Abr 2020 18:05:06]   Found column: pedestrian_oid [type = INT][SQL/XOPEN type = 4][size = 10][dec. digits = 0]
[15 Abr 2020 18:05:06]   Found column: crosswalk_oid [type = INT][SQL/XOPEN type = 4][size = 10][dec. digits = 0]
[15 Abr 2020 18:05:06] Retrieving primary keys for 'distancepedestrian' [type = TABLE]
[15 Abr 2020 18:05:06]   Found primary key column: oid
[15 Abr 2020 18:05:06] Retrieving columns for 'distancevehicle' [type = TABLE]
[15 Abr 2020 18:05:06]   Found column: oid [type = INT][SQL/XOPEN type = 4][size = 10][dec. digits = 0]
[15 Abr 2020 18:05:06]   Found column: distance [type = NUMERIC][SQL/XOPEN type = 2][size = 19][dec. digits = 4]
[15 Abr 2020 18:05:06]   Found column: vehicle_oid [type = INT][SQL/XOPEN type = 4][size = 10][dec. digits = 0]
[15 Abr 2020 18:05:06]   Found column: crosswalk_oid [type = INT][SQL/XOPEN type = 4][size = 10][dec. digits = 0]
[15 Abr 2020 18:05:06] Retrieving primary keys for 'distancevehicle' [type = TABLE]
[15 Abr 2020 18:05:06]   Found primary key column: oid
[15 Abr 2020 18:05:06] Retrieving columns for 'group' [type = TABLE]
[15 Abr 2020 18:05:06]   Found column: oid [type = INT][SQL/XOPEN type = 4][size = 10][dec. digits = 0]
[15 Abr 2020 18:05:06]   Found column: groupname [type = VARCHAR][SQL/XOPEN type = 12][size = 255][dec. digits = 0]
[15 Abr 2020 18:05:06]   Found column: module_oid [type = INT][SQL/XOPEN type = 4][size = 10][dec. digits = 0]
[15 Abr 2020 18:05:06] Retrieving primary keys for 'group' [type = TABLE]
[15 Abr 2020 18:05:07]   Found primary key column: oid
[15 Abr 2020 18:05:07] Retrieving columns for 'group_module' [type = TABLE]
[15 Abr 2020 18:05:07]   Found column: group_oid [type = INT][SQL/XOPEN type = 4][size = 10][dec. digits = 0]
[15 Abr 2020 18:05:07]   Found column: module_oid [type = INT][SQL/XOPEN type = 4][size = 10][dec. digits = 0]
[15 Abr 2020 18:05:07] Retrieving primary keys for 'group_module' [type = TABLE]
[15 Abr 2020 18:05:07]   Found primary key column: group_oid
[15 Abr 2020 18:05:07]   Found primary key column: module_oid
[15 Abr 2020 18:05:07] Retrieving columns for 'module' [type = TABLE]
[15 Abr 2020 18:05:07]   Found column: oid [type = INT][SQL/XOPEN type = 4][size = 10][dec. digits = 0]
[15 Abr 2020 18:05:07]   Found column: moduleid [type = VARCHAR][SQL/XOPEN type = 12][size = 255][dec. digits = 0]
[15 Abr 2020 18:05:07]   Found column: modulename [type = VARCHAR][SQL/XOPEN type = 12][size = 255][dec. digits = 0]
[15 Abr 2020 18:05:07] Retrieving primary keys for 'module' [type = TABLE]
[15 Abr 2020 18:05:07]   Found primary key column: oid
[15 Abr 2020 18:05:07] Retrieving columns for 'pedestrian' [type = TABLE]
[15 Abr 2020 18:05:07]   Found column: oid [type = INT][SQL/XOPEN type = 4][size = 10][dec. digits = 0]
[15 Abr 2020 18:05:07]   Found column: name [type = VARCHAR][SQL/XOPEN type = 12][size = 255][dec. digits = 0]
[15 Abr 2020 18:05:07]   Found column: email [type = VARCHAR][SQL/XOPEN type = 12][size = 255][dec. digits = 0]
[15 Abr 2020 18:05:07]   Found column: password [type = VARCHAR][SQL/XOPEN type = 12][size = 255][dec. digits = 0]
[15 Abr 2020 18:05:07]   Found column: coordinate_oid [type = INT][SQL/XOPEN type = 4][size = 10][dec. digits = 0]
[15 Abr 2020 18:05:07] Retrieving primary keys for 'pedestrian' [type = TABLE]
[15 Abr 2020 18:05:07]   Found primary key column: oid
[15 Abr 2020 18:05:07] Retrieving columns for 'user' [type = TABLE]
[15 Abr 2020 18:05:07]   Found column: oid [type = INT][SQL/XOPEN type = 4][size = 10][dec. digits = 0]
[15 Abr 2020 18:05:07]   Found column: username [type = VARCHAR][SQL/XOPEN type = 12][size = 255][dec. digits = 0]
[15 Abr 2020 18:05:07]   Found column: password [type = VARCHAR][SQL/XOPEN type = 12][size = 255][dec. digits = 0]
[15 Abr 2020 18:05:07]   Found column: email [type = VARCHAR][SQL/XOPEN type = 12][size = 255][dec. digits = 0]
[15 Abr 2020 18:05:07]   Found column: group_oid [type = INT][SQL/XOPEN type = 4][size = 10][dec. digits = 0]
[15 Abr 2020 18:05:07] Retrieving primary keys for 'user' [type = TABLE]
[15 Abr 2020 18:05:07]   Found primary key column: oid
[15 Abr 2020 18:05:07] Retrieving columns for 'user_group' [type = TABLE]
[15 Abr 2020 18:05:07]   Found column: user_oid [type = INT][SQL/XOPEN type = 4][size = 10][dec. digits = 0]
[15 Abr 2020 18:05:07]   Found column: group_oid [type = INT][SQL/XOPEN type = 4][size = 10][dec. digits = 0]
[15 Abr 2020 18:05:07] Retrieving primary keys for 'user_group' [type = TABLE]
[15 Abr 2020 18:05:07]   Found primary key column: user_oid
[15 Abr 2020 18:05:07]   Found primary key column: group_oid
[15 Abr 2020 18:05:07] Retrieving columns for 'vehicle' [type = TABLE]
[15 Abr 2020 18:05:07]   Found column: oid [type = INT][SQL/XOPEN type = 4][size = 10][dec. digits = 0]
[15 Abr 2020 18:05:07]   Found column: brand [type = VARCHAR][SQL/XOPEN type = 12][size = 255][dec. digits = 0]
[15 Abr 2020 18:05:07]   Found column: model [type = VARCHAR][SQL/XOPEN type = 12][size = 255][dec. digits = 0]
[15 Abr 2020 18:05:07]   Found column: license_plate [type = VARCHAR][SQL/XOPEN type = 12][size = 255][dec. digits = 0]
[15 Abr 2020 18:05:07]   Found column: coordinate_oid [type = INT][SQL/XOPEN type = 4][size = 10][dec. digits = 0]
[15 Abr 2020 18:05:07] Retrieving primary keys for 'vehicle' [type = TABLE]
[15 Abr 2020 18:05:07]   Found primary key column: oid
[15 Abr 2020 18:05:07] Database metadata retrieved (2113 ms)
[15 Abr 2020 18:05:07] Retrieving auto-increment columns for 'coordinate' [type = TABLE]
[15 Abr 2020 18:05:07] Retrieving auto-increment columns for 'crosswalk' [type = TABLE]
[15 Abr 2020 18:05:07] Retrieving auto-increment columns for 'distancepedestrian' [type = TABLE]
[15 Abr 2020 18:05:07]   Found auto-increment column: oid
[15 Abr 2020 18:05:07] Retrieving auto-increment columns for 'distancevehicle' [type = TABLE]
[15 Abr 2020 18:05:07]   Found auto-increment column: oid
[15 Abr 2020 18:05:07] Retrieving auto-increment columns for 'group' [type = TABLE]
[15 Abr 2020 18:05:07] Retrieving auto-increment columns for 'group_module' [type = TABLE]
[15 Abr 2020 18:05:07] Retrieving auto-increment columns for 'module' [type = TABLE]
[15 Abr 2020 18:05:07] Retrieving auto-increment columns for 'pedestrian' [type = TABLE]
[15 Abr 2020 18:05:07]   Found auto-increment column: oid
[15 Abr 2020 18:05:07] Retrieving auto-increment columns for 'user' [type = TABLE]
[15 Abr 2020 18:05:07] Retrieving auto-increment columns for 'user_group' [type = TABLE]
[15 Abr 2020 18:05:07] Retrieving auto-increment columns for 'vehicle' [type = TABLE]
[15 Abr 2020 18:05:07]   Found auto-increment column: oid
[15 Abr 2020 18:05:07] Database connection closed
